2023-01-08 12:23:30 error: [Cake\Http\Exception\InvalidCsrfTokenException] Missing or invalid CSRF cookie. in C:\xampp\htdocs\hackerek\vendor\cakephp\cakephp\src\Http\Middleware\CsrfProtectionMiddleware.php on line 394
Stack Trace:
- C:\xampp\htdocs\hackerek\vendor\cakephp\cakephp\src\Http\Middleware\CsrfProtectionMiddleware.php:170
- C:\xampp\htdocs\hackerek\vendor\cakephp\cakephp\src\Http\Runner.php:73
- C:\xampp\htdocs\hackerek\vendor\cakephp\cakephp\src\Http\Middleware\BodyParserMiddleware.php:162
- C:\xampp\htdocs\hackerek\vendor\cakephp\cakephp\src\Http\Runner.php:73
- C:\xampp\htdocs\hackerek\vendor\cakephp\cakephp\src\Routing\Middleware\RoutingMiddleware.php:186
- C:\xampp\htdocs\hackerek\vendor\cakephp\cakephp\src\Http\Runner.php:73
- C:\xampp\htdocs\hackerek\vendor\cakephp\cakephp\src\Routing\Middleware\AssetMiddleware.php:68
- C:\xampp\htdocs\hackerek\vendor\cakephp\cakephp\src\Http\Runner.php:73
- C:\xampp\htdocs\hackerek\vendor\cakephp\cakephp\src\Error\Middleware\ErrorHandlerMiddleware.php:131
- C:\xampp\htdocs\hackerek\vendor\cakephp\cakephp\src\Http\Runner.php:73
- C:\xampp\htdocs\hackerek\vendor\cakephp\debug_kit\src\Middleware\DebugKitMiddleware.php:60
- C:\xampp\htdocs\hackerek\vendor\cakephp\cakephp\src\Http\Runner.php:73
- C:\xampp\htdocs\hackerek\vendor\cakephp\cakephp\src\Http\Runner.php:58
- C:\xampp\htdocs\hackerek\vendor\cakephp\cakephp\src\Http\Server.php:90
- C:\xampp\htdocs\hackerek\webroot\index.php:40

Request URL: /services/add
Referer URL: http://localhost/hackerek/services/add
2023-01-08 12:30:26 error: [Cake\Controller\Exception\MissingActionException] Action AdminsController::logout() could not be found, or is not accessible. in C:\xampp\htdocs\hackerek\vendor\cakephp\cakephp\src\Controller\Controller.php on line 526
Exception Attributes: array (
  'controller' => 'AdminsController',
  'action' => 'logout',
  'prefix' => '',
  'plugin' => NULL,
)
Stack Trace:
- C:\xampp\htdocs\hackerek\vendor\cakephp\cakephp\src\Controller\ControllerFactory.php:134
- C:\xampp\htdocs\hackerek\vendor\cakephp\cakephp\src\Controller\ControllerFactory.php:114
- C:\xampp\htdocs\hackerek\vendor\cakephp\cakephp\src\Http\BaseApplication.php:320
- C:\xampp\htdocs\hackerek\vendor\cakephp\cakephp\src\Http\Runner.php:77
- C:\xampp\htdocs\hackerek\vendor\cakephp\cakephp\src\Http\Middleware\CsrfProtectionMiddleware.php:174
- C:\xampp\htdocs\hackerek\vendor\cakephp\cakephp\src\Http\Runner.php:73
- C:\xampp\htdocs\hackerek\vendor\cakephp\cakephp\src\Http\Middleware\BodyParserMiddleware.php:157
- C:\xampp\htdocs\hackerek\vendor\cakephp\cakephp\src\Http\Runner.php:73
- C:\xampp\htdocs\hackerek\vendor\cakephp\cakephp\src\Routing\Middleware\RoutingMiddleware.php:186
- C:\xampp\htdocs\hackerek\vendor\cakephp\cakephp\src\Http\Runner.php:73
- C:\xampp\htdocs\hackerek\vendor\cakephp\cakephp\src\Routing\Middleware\AssetMiddleware.php:68
- C:\xampp\htdocs\hackerek\vendor\cakephp\cakephp\src\Http\Runner.php:73
- C:\xampp\htdocs\hackerek\vendor\cakephp\cakephp\src\Error\Middleware\ErrorHandlerMiddleware.php:131
- C:\xampp\htdocs\hackerek\vendor\cakephp\cakephp\src\Http\Runner.php:73
- C:\xampp\htdocs\hackerek\vendor\cakephp\debug_kit\src\Middleware\DebugKitMiddleware.php:60
- C:\xampp\htdocs\hackerek\vendor\cakephp\cakephp\src\Http\Runner.php:73
- C:\xampp\htdocs\hackerek\vendor\cakephp\cakephp\src\Http\Runner.php:58
- C:\xampp\htdocs\hackerek\vendor\cakephp\cakephp\src\Http\Server.php:90
- C:\xampp\htdocs\hackerek\webroot\index.php:40

Request URL: /admins/logout
Referer URL: http://localhost/hackerek/invoices
2023-01-08 12:31:02 error: [Cake\View\Exception\MissingTemplateException] Template file `Admins\logout.php` could not be found.

The following paths were searched:

- `C:\xampp\htdocs\hackerek\templates\Admins\logout.php`
- `C:\xampp\htdocs\hackerek\vendor\cakephp\cakephp\templates\Admins\logout.php`
 in C:\xampp\htdocs\hackerek\vendor\cakephp\cakephp\src\View\View.php on line 1398
Exception Attributes: array (
  'file' => 'Admins\\logout.php',
  'paths' => 
  array (
    0 => 'C:\\xampp\\htdocs\\hackerek\\templates\\',
    1 => 'C:\\xampp\\htdocs\\hackerek\\vendor\\cakephp\\cakephp\\templates\\',
  ),
)
Stack Trace:
- C:\xampp\htdocs\hackerek\vendor\cakephp\cakephp\src\View\View.php:805
- C:\xampp\htdocs\hackerek\vendor\cakephp\cakephp\src\Controller\Controller.php:773
- C:\xampp\htdocs\hackerek\vendor\cakephp\cakephp\src\Controller\Controller.php:556
- C:\xampp\htdocs\hackerek\vendor\cakephp\cakephp\src\Controller\ControllerFactory.php:139
- C:\xampp\htdocs\hackerek\vendor\cakephp\cakephp\src\Controller\ControllerFactory.php:114
- C:\xampp\htdocs\hackerek\vendor\cakephp\cakephp\src\Http\BaseApplication.php:320
- C:\xampp\htdocs\hackerek\vendor\cakephp\cakephp\src\Http\Runner.php:77
- C:\xampp\htdocs\hackerek\vendor\cakephp\cakephp\src\Http\Middleware\CsrfProtectionMiddleware.php:174
- C:\xampp\htdocs\hackerek\vendor\cakephp\cakephp\src\Http\Runner.php:73
- C:\xampp\htdocs\hackerek\vendor\cakephp\cakephp\src\Http\Middleware\BodyParserMiddleware.php:157
- C:\xampp\htdocs\hackerek\vendor\cakephp\cakephp\src\Http\Runner.php:73
- C:\xampp\htdocs\hackerek\vendor\cakephp\cakephp\src\Routing\Middleware\RoutingMiddleware.php:186
- C:\xampp\htdocs\hackerek\vendor\cakephp\cakephp\src\Http\Runner.php:73
- C:\xampp\htdocs\hackerek\vendor\cakephp\cakephp\src\Routing\Middleware\AssetMiddleware.php:68
- C:\xampp\htdocs\hackerek\vendor\cakephp\cakephp\src\Http\Runner.php:73
- C:\xampp\htdocs\hackerek\vendor\cakephp\cakephp\src\Error\Middleware\ErrorHandlerMiddleware.php:131
- C:\xampp\htdocs\hackerek\vendor\cakephp\cakephp\src\Http\Runner.php:73
- C:\xampp\htdocs\hackerek\vendor\cakephp\debug_kit\src\Middleware\DebugKitMiddleware.php:60
- C:\xampp\htdocs\hackerek\vendor\cakephp\cakephp\src\Http\Runner.php:73
- C:\xampp\htdocs\hackerek\vendor\cakephp\cakephp\src\Http\Runner.php:58
- C:\xampp\htdocs\hackerek\vendor\cakephp\cakephp\src\Http\Server.php:90
- C:\xampp\htdocs\hackerek\webroot\index.php:40

Request URL: /admins/logout
Referer URL: http://localhost/hackerek/invoices
2023-01-08 12:36:32 error: [Cake\Http\Exception\MissingControllerException] Controller class Img could not be found. in C:\xampp\htdocs\hackerek\vendor\cakephp\cakephp\src\Controller\ControllerFactory.php on line 348
Exception Attributes: array (
  'class' => 'Img',
  'plugin' => NULL,
  'prefix' => NULL,
  '_ext' => NULL,
)
Stack Trace:
- C:\xampp\htdocs\hackerek\vendor\cakephp\cakephp\src\Controller\ControllerFactory.php:74
- C:\xampp\htdocs\hackerek\vendor\cakephp\cakephp\src\Http\BaseApplication.php:318
- C:\xampp\htdocs\hackerek\vendor\cakephp\cakephp\src\Http\Runner.php:77
- C:\xampp\htdocs\hackerek\vendor\cakephp\cakephp\src\Http\Middleware\CsrfProtectionMiddleware.php:174
- C:\xampp\htdocs\hackerek\vendor\cakephp\cakephp\src\Http\Runner.php:73
- C:\xampp\htdocs\hackerek\vendor\cakephp\cakephp\src\Http\Middleware\BodyParserMiddleware.php:157
- C:\xampp\htdocs\hackerek\vendor\cakephp\cakephp\src\Http\Runner.php:73
- C:\xampp\htdocs\hackerek\vendor\cakephp\cakephp\src\Routing\Middleware\RoutingMiddleware.php:186
- C:\xampp\htdocs\hackerek\vendor\cakephp\cakephp\src\Http\Runner.php:73
- C:\xampp\htdocs\hackerek\vendor\cakephp\cakephp\src\Routing\Middleware\AssetMiddleware.php:77
- C:\xampp\htdocs\hackerek\vendor\cakephp\cakephp\src\Http\Runner.php:73
- C:\xampp\htdocs\hackerek\vendor\cakephp\cakephp\src\Error\Middleware\ErrorHandlerMiddleware.php:131
- C:\xampp\htdocs\hackerek\vendor\cakephp\cakephp\src\Http\Runner.php:73
- C:\xampp\htdocs\hackerek\vendor\cakephp\debug_kit\src\Middleware\DebugKitMiddleware.php:60
- C:\xampp\htdocs\hackerek\vendor\cakephp\cakephp\src\Http\Runner.php:73
- C:\xampp\htdocs\hackerek\vendor\cakephp\cakephp\src\Http\Runner.php:58
- C:\xampp\htdocs\hackerek\vendor\cakephp\cakephp\src\Http\Server.php:90
- C:\xampp\htdocs\hackerek\webroot\index.php:40

Request URL: /img/hackerek.PNG
Referer URL: http://localhost/hackerek/
